<?xml version="1.0" encoding="UTF-8"?>
<!-- Generated by org.testng.reporters.JUnitReportReporter -->
<testsuite hostname="Pramods-MacBook-Pro.local" failures="0" tests="2" name="com.scrolltest.tests.TestLogin" time="30.538" errors="0" timestamp="28 Nov 2020 07:37:11 GMT" skipped="0">
  <testcase classname="com.scrolltest.tests.TestLogin" name="verifyLoggedInUser" time="17.602"/>
  <testcase classname="com.scrolltest.tests.TestLogin" name="loginToVwo" time="12.936"/>
</testsuite> <!-- com.scrolltest.tests.TestLogin -->
